<?xml version="1.0" encoding="UTF-8"?>
<!-- Generated by org.testng.reporters.JUnitReportReporter -->
<testsuite hostname="Vaniltons-MacBook-Pro.local" name="net.vanilton.test.VaniltonNetTest" tests="1" failures="0" timestamp="25 Mar 2016 23:23:02 GMT" time="13.901" errors="0">
  <testcase name="test" time="13.901" classname="net.vanilton.test.VaniltonNetTest"/>
</testsuite> <!-- net.vanilton.test.VaniltonNetTest -->
